<?xml version="1.0" encoding="UTF-8"?>
<!-- Generated by org.testng.reporters.JUnitReportReporter -->
<testsuite hostname="anupam-mac" failures="0" tests="1" name="cucumber.TestNGTestRunner" time="3.057" errors="0" timestamp="2024-03-09T08:23:55 IST" skipped="0">
  <testcase classname="cucumber.TestNGTestRunner" name="runScenario" time="3.057"/>
  <system-out/>
</testsuite> <!-- cucumber.TestNGTestRunner -->
